
> edubh@0.1.0 dev
> next dev

▲ Next.js 16.1.1 (Turbopack)
- Local:         http://localhost:3000
- Network:       http://192.168.1.7:3000
- Environments: .env.local
- Experiments (use with caution):
  · optimizePackageImports

✓ Starting...
✓ Ready in 15.5s
○ Compiling /courses ...
 GET /courses 200 in 45s (compile: 43s, render: 1831ms)
 GET /courses 200 in 41s (compile: 39.9s, render: 1241ms)
 GET /courses 200 in 65s (compile: 64s, render: 901ms)
 GET /courses 200 in 45s (compile: 45s, render: 568ms)
 GET /courses 200 in 4.6s (compile: 38ms, render: 4.6s)
 GET /courses 200 in 1709ms (compile: 27ms, render: 1682ms)
 GET /courses 200 in 1195ms (compile: 83ms, render: 1111ms)
 GET /courses 200 in 1011ms (compile: 66ms, render: 945ms)
▲ Next.js 16.1.1 (Turbopack)
- Local:         http://localhost:3000
- Network:       http://192.168.1.7:3000
- Environments: .env.local
- Experiments (use with caution):
  · optimizePackageImports

✓ Starting...
✓ Ready in 26.8s
○ Compiling /courses ...
 GET /courses 200 in 39.5s (compile: 30.8s, render: 8.7s)
 GET /courses 200 in 1692ms (compile: 300ms, render: 1392ms)
 GET /courses 200 in 1508ms (compile: 68ms, render: 1439ms)
 GET /courses 200 in 1331ms (compile: 27ms, render: 1304ms)
○ Compiling / ...
 GET / 200 in 12.0s (compile: 11.7s, render: 391ms)
 GET / 200 in 816ms (compile: 141ms, render: 675ms)
 GET / 200 in 672ms (compile: 157ms, render: 515ms)
 GET /courses 200 in 310ms (compile: 25ms, render: 284ms)
 GET / 200 in 278ms (compile: 26ms, render: 252ms)
 GET /courses 200 in 312ms (compile: 37ms, render: 275ms)
○ Compiling /apply ...
 GET /apply 200 in 6.8s (compile: 5.9s, render: 846ms)
 GET /apply 200 in 511ms (compile: 109ms, render: 402ms)
 GET / 200 in 103ms (compile: 18ms, render: 86ms)
 GET /courses 200 in 167ms (compile: 27ms, render: 140ms)
✓ Compiled in 8.7s
 GET /courses 200 in 2.7s (compile: 31ms, render: 2.7s)
✓ Compiled in 2.5s
✓ Compiled in 1704ms
 GET / 200 in 2.1s (compile: 357ms, render: 1750ms)
✓ Compiled in 2.7s
✓ Compiled in 1561ms
 GET /courses 200 in 3.7s (compile: 886ms, render: 2.8s)
○ Compiling /courses/[id] ...
 GET /courses 200 in 422ms (compile: 27ms, render: 395ms)
 GET /courses 200 in 1817ms (compile: 29ms, render: 1788ms)
 GET /courses/lpu-bca 200 in 29.0s (compile: 28.6s, generate-params: 14.9s, render: 465ms)
 GET /courses/lpu-bca 200 in 6.6s (compile: 6.4s, generate-params: 6.3s, render: 260ms)
 GET / 200 in 765ms (compile: 486ms, render: 280ms)
○ Compiling /contact ...
 GET /contact 200 in 7.4s (compile: 5.9s, render: 1556ms)
 GET /contact 200 in 734ms (compile: 231ms, render: 503ms)
 GET /contact 200 in 772ms (compile: 106ms, render: 666ms)
 GET /contact 200 in 427ms (compile: 200ms, render: 228ms)
 GET /contact 200 in 979ms (compile: 45ms, render: 934ms)
 GET /contact 200 in 760ms (compile: 198ms, render: 563ms)
 GET /contact 200 in 829ms (compile: 455ms, render: 375ms)
 GET /contact 200 in 253ms (compile: 41ms, render: 211ms)
 GET / 200 in 115ms (compile: 22ms, render: 93ms)
 GET /contact 200 in 278ms (compile: 26ms, render: 252ms)
 GET / 200 in 121ms (compile: 31ms, render: 90ms)
 GET /courses 200 in 234ms (compile: 28ms, render: 205ms)
 GET / 200 in 103ms (compile: 19ms, render: 85ms)
✓ Compiled in 8.2s
 GET /contact 200 in 981ms (compile: 185ms, render: 796ms)
✓ Compiled in 3.5s
 GET / 200 in 12.3s (compile: 5.0s, render: 7.3s)
 GET / 200 in 1929ms (compile: 17ms, render: 1912ms)
 GET / 200 in 1630ms (compile: 301ms, render: 1329ms)
 GET /contact 200 in 220ms (compile: 30ms, render: 190ms)
 GET / 200 in 86ms (compile: 18ms, render: 68ms)
 GET /courses 200 in 194ms (compile: 37ms, render: 157ms)
 GET / 200 in 86ms (compile: 19ms, render: 67ms)
 GET / 200 in 281ms (compile: 49ms, render: 233ms)
 GET /courses 200 in 292ms (compile: 30ms, render: 262ms)
 GET /contact 200 in 147ms (compile: 29ms, render: 118ms)
✓ Compiled in 4.8s
 GET /contact 200 in 8.9s (compile: 3.8s, render: 5.1s)
 GET /contact 200 in 981ms (compile: 27ms, render: 953ms)
○ Compiling /_not-found/page ...
 GET /contact/kolkata-yamuna-apartment 404 in 14.4s (compile: 13.6s, render: 806ms)
 GET /contact/kolkata-yamuna-apartment 404 in 984ms (compile: 450ms, render: 534ms)
 GET /contact/kolkata-yamuna-apartment 404 in 1143ms (compile: 117ms, render: 1026ms)
 GET /contact/kolkata-yamuna-apartment 404 in 4.0s (compile: 789ms, render: 3.2s)
 GET / 200 in 123ms (compile: 22ms, render: 102ms)
 GET /contact 200 in 333ms (compile: 57ms, render: 276ms)
✓ Compiled in 10.6s
✓ Compiled in 5.9s
 GET /contact 200 in 5.5s (compile: 1800ms, render: 3.7s)
 GET /contact 200 in 2.1s (compile: 644ms, render: 1479ms)
 GET /contact 200 in 234ms (compile: 47ms, render: 187ms)
 GET /contact 200 in 284ms (compile: 60ms, render: 224ms)
 GET /contact 200 in 323ms (compile: 64ms, render: 259ms)
 GET /contact 200 in 231ms (compile: 16ms, render: 215ms)
 GET /contact 200 in 996ms (compile: 18ms, render: 978ms)
 GET /contact 200 in 673ms (compile: 232ms, render: 441ms)
 GET /contact 200 in 1153ms (compile: 133ms, render: 1019ms)
 GET /contact 200 in 601ms (compile: 172ms, render: 429ms)
 GET /contact 200 in 330ms (compile: 37ms, render: 292ms)
 GET /contact 200 in 442ms (compile: 18ms, render: 424ms)
 GET /contact 200 in 430ms (compile: 40ms, render: 390ms)
 GET /contact 200 in 554ms (compile: 33ms, render: 521ms)
 GET /contact 200 in 381ms (compile: 22ms, render: 359ms)
 GET /contact 200 in 232ms (compile: 49ms, render: 184ms)
 GET /contact 200 in 218ms (compile: 20ms, render: 198ms)
 GET /contact 200 in 245ms (compile: 21ms, render: 225ms)
 GET /contact 200 in 164ms (compile: 18ms, render: 146ms)
 GET /contact 200 in 157ms (compile: 17ms, render: 141ms)
 GET /contact 200 in 399ms (compile: 19ms, render: 380ms)
 GET /contact 200 in 207ms (compile: 33ms, render: 173ms)
 GET /contact 200 in 584ms (compile: 35ms, render: 549ms)
 GET /contact 200 in 432ms (compile: 24ms, render: 407ms)
 GET /contact 200 in 266ms (compile: 26ms, render: 239ms)
 GET /contact 200 in 387ms (compile: 47ms, render: 340ms)
 GET /contact 200 in 181ms (compile: 34ms, render: 147ms)
 GET /contact 200 in 449ms (compile: 19ms, render: 430ms)
 GET /contact 200 in 2.3s (compile: 48ms, render: 2.2s)
 GET /contact 200 in 2.1s (compile: 1763ms, render: 312ms)
 GET /contact 200 in 2.1s (compile: 49ms, render: 2.1s)
✓ Compiled in 4.8s
 GET /contact 200 in 4.4s (compile: 3.7s, render: 614ms)
○ Compiling /contact/[slug] ...
 GET /contact/kolkata-yamuna-apartment 200 in 13.3s (compile: 11.9s, generate-params: 7.2s, render: 1454ms)
 GET /contact/not-a-real-office 404 in 947ms (compile: 52ms, generate-params: 22ms, render: 895ms)
✓ Compiled in 7.4s
 GET /contact 200 in 362ms (compile: 59ms, render: 303ms)
 GET /contact/kolkata-yamuna-apartment 200 in 3.5s (compile: 672ms, generate-params: 44ms, render: 2.8s)
 GET /contact/gwalior-mm-plaza 200 in 1312ms (compile: 59ms, generate-params: 120µs, render: 1252ms)
 GET /contact/nandigram-giri-housing 200 in 1180ms (compile: 53ms, generate-params: 107µs, render: 1127ms)
 GET /contact/maheshpur-dy-center 200 in 1078ms (compile: 22ms, generate-params: 102µs, render: 1055ms)
 GET /contact/deoghar-bajarangi-chowk 200 in 794ms (compile: 38ms, generate-params: 126µs, render: 756ms)
 GET /contact/nagpur-jagannath-budhawari 200 in 839ms (compile: 35ms, generate-params: 122µs, render: 804ms)
 GET /contact/kolkata-joka 200 in 876ms (compile: 26ms, generate-params: 161µs, render: 849ms)
 GET /contact/arrah-vashisthapuri 200 in 791ms (compile: 44ms, generate-params: 21ms, render: 747ms)
 GET /contact/bardhaman-nababhat 200 in 928ms (compile: 49ms, generate-params: 85µs, render: 879ms)
 GET /contact/bengaluru-rajajinagar 200 in 1022ms (compile: 67ms, generate-params: 102µs, render: 955ms)
 GET /contact/uttarpara-new-gt-road 200 in 862ms (compile: 32ms, generate-params: 74µs, render: 830ms)
 GET /contact/kolkata-dum-dum 200 in 490ms (compile: 23ms, generate-params: 178µs, render: 467ms)
 GET /contact/uttarpara-new-gt-road 200 in 241ms (compile: 35ms, generate-params: 18ms, render: 206ms)
 GET /contact 200 in 116ms (compile: 17ms, render: 98ms)
 GET /contact/deoghar-bajarangi-chowk 200 in 192ms (compile: 33ms, generate-params: 17ms, render: 158ms)
✓ Compiled in 8.8s
 GET /contact 200 in 434ms (compile: 68ms, render: 366ms)
 GET /contact/kolkata-dum-dum 200 in 6.8s (compile: 3.9s, generate-params: 152ms, render: 2.9s)
 GET /contact/uttarpara-new-gt-road 200 in 850ms (compile: 36ms, generate-params: 18ms, render: 814ms)
✓ Compiled in 14.3s
 GET /contact/kolkata-yamuna-apartment 200 in 20.3s (compile: 13.1s, generate-params: 126ms, render: 7.1s)
 GET /contact/kolkata-yamuna-apartment 200 in 1218ms (compile: 35ms, generate-params: 954µs, render: 1183ms)
 GET /contact/gwalior-mm-plaza 200 in 1620ms (compile: 28ms, generate-params: 96µs, render: 1591ms)
 GET /contact/nandigram-giri-housing 200 in 3.8s (compile: 106ms, generate-params: 74µs, render: 3.7s)
 GET /contact/maheshpur-dy-center 200 in 1849ms (compile: 17ms, generate-params: 86µs, render: 1832ms)
 GET /contact/deoghar-bajarangi-chowk 200 in 1807ms (compile: 19ms, generate-params: 138µs, render: 1788ms)
 GET /contact/nagpur-jagannath-budhawari 200 in 1101ms (compile: 40ms, generate-params: 83µs, render: 1061ms)
 GET /contact/kolkata-joka 200 in 2.4s (compile: 25ms, generate-params: 102µs, render: 2.4s)
 GET /contact/arrah-vashisthapuri 200 in 2.1s (compile: 55ms, generate-params: 108µs, render: 2.1s)
 GET /contact/bardhaman-nababhat 200 in 1505ms (compile: 243ms, generate-params: 397µs, render: 1263ms)
 GET /contact/bengaluru-rajajinagar 200 in 1201ms (compile: 28ms, generate-params: 110µs, render: 1173ms)
 GET /contact/uttarpara-new-gt-road 200 in 1039ms (compile: 48ms, generate-params: 94µs, render: 990ms)
 GET /contact/kolkata-dum-dum 200 in 574ms (compile: 37ms, generate-params: 21ms, render: 537ms)
 GET /contact/arrah-vashisthapuri 200 in 346ms (compile: 43ms, generate-params: 24ms, render: 302ms)
 GET / 200 in 770ms (compile: 576ms, render: 194ms)
 GET /courses 200 in 1980ms (compile: 1371ms, render: 608ms)
 GET /courses 200 in 2.4s (compile: 965ms, render: 1423ms)
 GET /contact 200 in 1197ms (compile: 65ms, render: 1132ms)
 GET /contact 200 in 359ms (compile: 162ms, render: 197ms)
 GET /contact/bengaluru-rajajinagar 200 in 782ms (compile: 57ms, generate-params: 23ms, render: 725ms)
 GET / 200 in 134ms (compile: 19ms, render: 115ms)
