
> edubh@0.1.0 dev
> next dev --webpack

▲ Next.js 16.1.1 (webpack)
- Local:         http://localhost:3000
- Network:       http://192.168.1.7:3000
- Environments: .env.local
- Experiments (use with caution):
  · optimizePackageImports

✓ Starting...
✓ Ready in 14.5s
○ Compiling /courses ...
 GET /courses 200 in 93s (compile: 88s, render: 5.4s)
 GET /courses 200 in 7.5s (compile: 204ms, render: 7.3s)
 GET /courses 200 in 6.1s (compile: 3.2s, render: 2.9s)
 GET /courses 200 in 1332ms (compile: 68ms, render: 1264ms)
 GET /courses 200 in 2.9s (compile: 28ms, render: 2.9s)
 GET /courses 200 in 3.4s (compile: 236ms, render: 3.2s)
 GET /courses 200 in 1592ms (compile: 106ms, render: 1486ms)
 GET /courses 200 in 814ms (compile: 469ms, render: 345ms)
 GET /courses 200 in 2.0s (compile: 1013ms, render: 1008ms)
 GET /courses 200 in 1494ms (compile: 123ms, render: 1371ms)
 GET /courses 200 in 849ms (compile: 361ms, render: 489ms)
 GET /courses 200 in 2.0s (compile: 28ms, render: 1973ms)
 GET /courses 200 in 3.0s (compile: 42ms, render: 2.9s)
 GET /courses 200 in 1239ms (compile: 41ms, render: 1199ms)
 GET /courses 200 in 2.4s (compile: 72ms, render: 2.3s)
 GET /courses 200 in 3.7s (compile: 154ms, render: 3.6s)
 GET /courses 200 in 2.1s (compile: 97ms, render: 1974ms)
 GET /courses 200 in 1688ms (compile: 625ms, render: 1063ms)
 GET /courses 200 in 2.6s (compile: 143ms, render: 2.5s)
 GET /courses 200 in 955ms (compile: 56ms, render: 899ms)
 GET /courses 200 in 1260ms (compile: 592ms, render: 668ms)
 GET /courses 200 in 2.4s (compile: 1171ms, render: 1278ms)
 GET /courses 200 in 3.4s (compile: 171ms, render: 3.2s)
 GET /courses 200 in 1443ms (compile: 110ms, render: 1332ms)
 GET /courses 200 in 750ms (compile: 439ms, render: 311ms)
 GET /courses 200 in 2.0s (compile: 334ms, render: 1675ms)
 GET /courses 200 in 1467ms (compile: 561ms, render: 906ms)
 GET /courses 200 in 2.2s (compile: 80ms, render: 2.2s)
 GET /courses 200 in 2.8s (compile: 101ms, render: 2.7s)
 GET /courses 200 in 1217ms (compile: 38ms, render: 1179ms)
 GET /courses 200 in 1037ms (compile: 736ms, render: 301ms)
 GET /courses 200 in 3.0s (compile: 105ms, render: 2.8s)
 GET /courses 200 in 1255ms (compile: 46ms, render: 1209ms)
 GET /courses 200 in 1019ms (compile: 63ms, render: 956ms)
 GET /courses 200 in 1531ms (compile: 83ms, render: 1448ms)
 GET /courses 200 in 1246ms (compile: 401ms, render: 845ms)
 GET /courses 200 in 2.1s (compile: 47ms, render: 2.0s)
 GET /courses 200 in 2.5s (compile: 54ms, render: 2.4s)
 GET /courses 200 in 2.8s (compile: 1315ms, render: 1441ms)
 GET /courses 200 in 1152ms (compile: 312ms, render: 839ms)
 GET /courses 200 in 714ms (compile: 345ms, render: 369ms)
 GET /courses 200 in 2.1s (compile: 163ms, render: 1912ms)
 GET /courses 200 in 6.0s (compile: 1340ms, render: 4.7s)
 GET /courses 200 in 2.5s (compile: 165ms, render: 2.3s)
 GET /courses 200 in 1357ms (compile: 691ms, render: 666ms)
 GET /courses 200 in 1876ms (compile: 33ms, render: 1843ms)
 GET /courses 200 in 2.7s (compile: 1218ms, render: 1470ms)
 GET /courses 200 in 1403ms (compile: 58ms, render: 1345ms)
 GET /courses 200 in 1122ms (compile: 384ms, render: 738ms)
 GET /courses 200 in 1910ms (compile: 32ms, render: 1878ms)
 GET /courses 200 in 2.3s (compile: 68ms, render: 2.2s)
 GET /courses 200 in 2.5s (compile: 1185ms, render: 1341ms)
 GET /courses 200 in 1377ms (compile: 83ms, render: 1293ms)
 GET /courses 200 in 1025ms (compile: 412ms, render: 613ms)
 GET /courses 200 in 1884ms (compile: 35ms, render: 1849ms)
 GET /courses 200 in 1988ms (compile: 68ms, render: 1920ms)
 GET /courses 200 in 1456ms (compile: 70ms, render: 1386ms)
 GET /courses 200 in 876ms (compile: 357ms, render: 519ms)
 GET /courses 200 in 1534ms (compile: 53ms, render: 1481ms)
 GET /courses 200 in 902ms (compile: 39ms, render: 863ms)
 GET /courses 200 in 1476ms (compile: 76ms, render: 1400ms)
 GET /courses 200 in 967ms (compile: 378ms, render: 589ms)
 GET /courses 200 in 2.1s (compile: 29ms, render: 2.0s)
 GET /courses 200 in 2.6s (compile: 99ms, render: 2.5s)
 GET /courses 200 in 1381ms (compile: 103ms, render: 1279ms)
 GET /courses 200 in 1080ms (compile: 435ms, render: 645ms)
 GET /courses 200 in 1678ms (compile: 28ms, render: 1650ms)
 GET /courses 200 in 2.4s (compile: 100ms, render: 2.3s)
 GET /courses 200 in 1346ms (compile: 48ms, render: 1298ms)
 GET /courses 200 in 1082ms (compile: 417ms, render: 665ms)
 GET /courses 200 in 2.1s (compile: 50ms, render: 2.0s)
 GET /courses 200 in 2.7s (compile: 86ms, render: 2.6s)
 GET /courses 200 in 2.5s (compile: 1362ms, render: 1182ms)
 GET /courses 200 in 1038ms (compile: 329ms, render: 709ms)
 GET /courses 200 in 2.3s (compile: 43ms, render: 2.3s)
 GET /courses 200 in 3.5s (compile: 105ms, render: 3.4s)
 GET /courses 200 in 1435ms (compile: 59ms, render: 1376ms)
 GET /courses 200 in 1003ms (compile: 674ms, render: 329ms)
[?25h
